{
  "stats": {
    "suites": 1,
    "tests": 1,
    "passes": 1,
    "pending": 0,
    "failures": 0,
    "start": "2023-07-30T05:39:06.739Z",
    "end": "2023-07-30T05:39:12.327Z",
    "duration": 5588,
    "testsRegistered": 1,
    "passPercent": 100,
    "pendingPercent": 0,
    "other": 0,
    "hasOther": false,
    "skipped": 0,
    "hasSkipped": false
  },
  "results": [
    {
      "uuid": "81522d73-990a-44bb-853e-7e6f895c2ae1",
      "title": "",
      "fullFile": "cypress\\e2e\\testCases\\Validate Home Page.cy.js",
      "file": "cypress\\e2e\\testCases\\Validate Home Page.cy.js",
      "beforeHooks": [],
      "afterHooks": [],
      "tests": [],
      "suites": [
        {
          "uuid": "50b19db7-07e2-4196-9160-9723c2672a86",
          "title": "AddCustomerTestSuite",
          "fullFile": "",
          "file": "",
          "beforeHooks": [],
          "afterHooks": [],
          "tests": [
            {
              "title": "AddCustomer and delete once added",
              "fullTitle": "AddCustomerTestSuite AddCustomer and delete once added",
              "timedOut": null,
              "duration": 5523,
              "state": "passed",
              "speed": "medium",
              "pass": true,
              "fail": false,
              "pending": false,
              "context": "{\n  \"title\": \"cypress-mochawesome-reporter-videos-passed\",\n  \"value\": \"cypress\\\\e2e\\\\testCases\\\\Validate Home Page.cy.js\"\n}",
              "code": "customerHomePageAction.navigateToUrl();\ncustomerHomePageAction.validateTextOnHomePage();\ncustomerHomePageAction.clickOnManagerLogin();\naddCustomerdata.enterData(data.firstname, data.lastname, data.pincode);\naddCustomerdata.validateAlert();\ncy.wait(2000);\nvalidateCust.validateCustomer(data.firstname);",
              "err": {},
              "uuid": "e59d1097-2075-4ffe-ada1-01792f35ab92",
              "parentUUID": "50b19db7-07e2-4196-9160-9723c2672a86",
              "isHook": false,
              "skipped": false
            }
          ],
          "suites": [],
          "passes": [
            "e59d1097-2075-4ffe-ada1-01792f35ab92"
          ],
          "failures": [],
          "pending": [],
          "skipped": [],
          "duration": 5523,
          "root": false,
          "rootEmpty": false,
          "_timeout": 2000
        }
      ],
      "passes": [],
      "failures": [],
      "pending": [],
      "skipped": [],
      "duration": 0,
      "root": true,
      "rootEmpty": true,
      "_timeout": 2000
    }
  ],
  "meta": {
    "mocha": {
      "version": "7.0.1"
    },
    "mochawesome": {
      "options": {
        "quiet": false,
        "reportFilename": "mochawesome",
        "saveHtml": false,
        "saveJson": true,
        "consoleReporter": "spec",
        "useInlineDiffs": false,
        "code": true
      },
      "version": "7.1.3"
    },
    "marge": {
      "options": {
        "charts": true,
        "reportPageTitle": "custom-title",
        "embeddedScreenshots": true,
        "inlineAssets": true,
        "saveAllAttempts": false,
        "overwrite": false,
        "html": false,
        "json": true,
        "reportDir": "cypress\\reports\\html\\.jsons"
      },
      "version": "6.2.0"
    }
  }
}