{
  "stats": {
    "suites": 1,
    "tests": 1,
    "passes": 1,
    "pending": 0,
    "failures": 0,
    "start": "2023-07-30T05:38:28.816Z",
    "end": "2023-07-30T05:38:35.614Z",
    "duration": 6798,
    "testsRegistered": 1,
    "passPercent": 100,
    "pendingPercent": 0,
    "other": 0,
    "hasOther": false,
    "skipped": 0,
    "hasSkipped": false
  },
  "results": [
    {
      "uuid": "29d6c836-09b0-4712-b726-280d5b67a31a",
      "title": "",
      "fullFile": "cypress\\e2e\\testCases\\deposit-withdraw.cy.js",
      "file": "cypress\\e2e\\testCases\\deposit-withdraw.cy.js",
      "beforeHooks": [],
      "afterHooks": [],
      "tests": [],
      "suites": [
        {
          "uuid": "7d03bab8-f11d-4330-aaa1-168b229a22b8",
          "title": "withdraw-deposit",
          "fullFile": "",
          "file": "",
          "beforeHooks": [],
          "afterHooks": [],
          "tests": [
            {
              "title": "Deposit function",
              "fullTitle": "withdraw-deposit Deposit function",
              "timedOut": null,
              "duration": 6782,
              "state": "passed",
              "speed": "medium",
              "pass": true,
              "fail": false,
              "pending": false,
              "context": "{\n  \"title\": \"cypress-mochawesome-reporter-videos-passed\",\n  \"value\": \"cypress\\\\e2e\\\\testCases\\\\deposit-withdraw.cy.js\"\n}",
              "code": "homePage.navigateToUrl();\nhomeElements.clickCustomerButtonLogin();\ncustomerLoginAct.selectDropDown();\ncustomerLoginAct.Login();\ndeposit.depositButtonClick();\ncy.wait(2000);\ncy.get('[ng-class=\"btnClass3\"]').click();\nwithdraw.withDrawAmount();\nwithdraw.enterAmount(1000);\nwithdraw.clickSubmitWithdraw();",
              "err": {},
              "uuid": "29dddaf3-88ca-4862-87d2-e5b084d9fdb9",
              "parentUUID": "7d03bab8-f11d-4330-aaa1-168b229a22b8",
              "isHook": false,
              "skipped": false
            }
          ],
          "suites": [],
          "passes": [
            "29dddaf3-88ca-4862-87d2-e5b084d9fdb9"
          ],
          "failures": [],
          "pending": [],
          "skipped": [],
          "duration": 6782,
          "root": false,
          "rootEmpty": false,
          "_timeout": 2000
        }
      ],
      "passes": [],
      "failures": [],
      "pending": [],
      "skipped": [],
      "duration": 0,
      "root": true,
      "rootEmpty": true,
      "_timeout": 2000
    }
  ],
  "meta": {
    "mocha": {
      "version": "7.0.1"
    },
    "mochawesome": {
      "options": {
        "quiet": false,
        "reportFilename": "mochawesome",
        "saveHtml": false,
        "saveJson": true,
        "consoleReporter": "spec",
        "useInlineDiffs": false,
        "code": true
      },
      "version": "7.1.3"
    },
    "marge": {
      "options": {
        "charts": true,
        "reportPageTitle": "custom-title",
        "embeddedScreenshots": true,
        "inlineAssets": true,
        "saveAllAttempts": false,
        "overwrite": false,
        "html": false,
        "json": true,
        "reportDir": "cypress\\reports\\html\\.jsons"
      },
      "version": "6.2.0"
    }
  }
}