{
  "stats": {
    "suites": 3,
    "tests": 3,
    "passes": 3,
    "pending": 0,
    "failures": 0,
    "start": "2023-07-30T05:45:28.137Z",
    "end": "2023-07-30T05:45:35.425Z",
    "duration": 7288,
    "testsRegistered": 3,
    "passPercent": 100,
    "pendingPercent": 0,
    "other": 0,
    "hasOther": false,
    "skipped": 0,
    "hasSkipped": false
  },
  "results": [
    {
      "uuid": "cc882d31-0b90-40a3-bd2a-08f26583329c",
      "title": "",
      "fullFile": "cypress\\e2e\\testCases\\multiple.cy.js",
      "file": "cypress\\e2e\\testCases\\multiple.cy.js",
      "beforeHooks": [],
      "afterHooks": [],
      "tests": [],
      "suites": [
        {
          "uuid": "c77588a7-2669-4c7d-91eb-48727f7df7fc",
          "title": "Deposit functionality",
          "fullFile": "",
          "file": "",
          "beforeHooks": [],
          "afterHooks": [],
          "tests": [
            {
              "title": "Deposit function",
              "fullTitle": "Deposit functionality Deposit function",
              "timedOut": null,
              "duration": 4127,
              "state": "passed",
              "speed": "fast",
              "pass": true,
              "fail": false,
              "pending": false,
              "context": "{\n  \"title\": \"cypress-mochawesome-reporter-videos-passed\",\n  \"value\": \"cypress\\\\e2e\\\\testCases\\\\multiple.cy.js\"\n}",
              "code": "homePage.navigateToUrl();\nhomeElements.clickCustomerButtonLogin();\ncustomerLoginAct.selectDropDown();\ncustomerLoginAct.Login();\ndeposit.depositButtonClick();",
              "err": {},
              "uuid": "3fc5b5b9-769d-43e8-adf7-f8f616a7ce0a",
              "parentUUID": "c77588a7-2669-4c7d-91eb-48727f7df7fc",
              "isHook": false,
              "skipped": false
            }
          ],
          "suites": [],
          "passes": [
            "3fc5b5b9-769d-43e8-adf7-f8f616a7ce0a"
          ],
          "failures": [],
          "pending": [],
          "skipped": [],
          "duration": 4127,
          "root": false,
          "rootEmpty": false,
          "_timeout": 2000
        },
        {
          "uuid": "065f8e0e-c047-4289-8e7d-bd35bc19bcf9",
          "title": "withdraw functionality",
          "fullFile": "",
          "file": "",
          "beforeHooks": [],
          "afterHooks": [],
          "tests": [
            {
              "title": "withdraw function",
              "fullTitle": "withdraw functionality withdraw function",
              "timedOut": null,
              "duration": 1309,
              "state": "passed",
              "speed": "fast",
              "pass": true,
              "fail": false,
              "pending": false,
              "context": "{\n  \"title\": \"cypress-mochawesome-reporter-videos-passed\",\n  \"value\": \"cypress\\\\e2e\\\\testCases\\\\multiple.cy.js\"\n}",
              "code": "customerPage.navigateToUrl();\nhomePage.clickCustomerButtonLogin();\ncustomerLoginAct.selectDropDown();\ncustomerLoginAct.Login();\nwithdraw.withDrawAmount();\nwithdraw.enterAmount(1000);\nwithdraw.clickSubmitWithdraw();",
              "err": {},
              "uuid": "eb2596b2-2b29-47fa-8a30-a77409dbfcc7",
              "parentUUID": "065f8e0e-c047-4289-8e7d-bd35bc19bcf9",
              "isHook": false,
              "skipped": false
            }
          ],
          "suites": [],
          "passes": [
            "eb2596b2-2b29-47fa-8a30-a77409dbfcc7"
          ],
          "failures": [],
          "pending": [],
          "skipped": [],
          "duration": 1309,
          "root": false,
          "rootEmpty": false,
          "_timeout": 2000
        },
        {
          "uuid": "a4b3a7cb-0b3a-47e2-8b18-a22ec1852840",
          "title": "OpenAccoubnt",
          "fullFile": "",
          "file": "",
          "beforeHooks": [],
          "afterHooks": [],
          "tests": [
            {
              "title": "Opening a customerAccount",
              "fullTitle": "OpenAccoubnt Opening a customerAccount",
              "timedOut": null,
              "duration": 1805,
              "state": "passed",
              "speed": "fast",
              "pass": true,
              "fail": false,
              "pending": false,
              "context": "{\n  \"title\": \"cypress-mochawesome-reporter-videos-passed\",\n  \"value\": \"cypress\\\\e2e\\\\testCases\\\\multiple.cy.js\"\n}",
              "code": "cust.navigateToUrl();\ncust.clickOnManagerLogin();\nadd.clickOpenAccount();\nadd.selectUser();\nadd.selectCurrency();\nadd.proceed();\n// cy.on('window:alert',(t)=>{\n//     //assertions\n//     expect(t).to.contains('Customer added');\n//  })\nadd.clickCustomer();\ncy.get('tbody > :nth-child(2) > :nth-child(3)').should(\"have.text\", \"E725JB\");\nadd.search(\"Harry\");\nadd.deleteCustomer(\"Harry\");\nadd.deleteValidation();",
              "err": {},
              "uuid": "99c64d52-70a7-41a1-b465-151ef23c5800",
              "parentUUID": "a4b3a7cb-0b3a-47e2-8b18-a22ec1852840",
              "isHook": false,
              "skipped": false
            }
          ],
          "suites": [],
          "passes": [
            "99c64d52-70a7-41a1-b465-151ef23c5800"
          ],
          "failures": [],
          "pending": [],
          "skipped": [],
          "duration": 1805,
          "root": false,
          "rootEmpty": false,
          "_timeout": 2000
        }
      ],
      "passes": [],
      "failures": [],
      "pending": [],
      "skipped": [],
      "duration": 0,
      "root": true,
      "rootEmpty": true,
      "_timeout": 2000
    }
  ],
  "meta": {
    "mocha": {
      "version": "7.0.1"
    },
    "mochawesome": {
      "options": {
        "quiet": false,
        "reportFilename": "mochawesome",
        "saveHtml": false,
        "saveJson": true,
        "consoleReporter": "spec",
        "useInlineDiffs": false,
        "code": true
      },
      "version": "7.1.3"
    },
    "marge": {
      "options": {
        "charts": true,
        "reportPageTitle": "custom-title",
        "mochaFile": "results/my-test-output.xml",
        "overwrite": false,
        "html": false,
        "json": true,
        "reportDir": "cypress\\reports\\html\\.jsons"
      },
      "version": "6.2.0"
    }
  }
}