{
  "stats": {
    "suites": 2,
    "tests": 2,
    "passes": 2,
    "pending": 0,
    "failures": 0,
    "start": "2023-07-30T05:39:17.528Z",
    "end": "2023-07-30T05:39:21.077Z",
    "duration": 3549,
    "testsRegistered": 2,
    "passPercent": 100,
    "pendingPercent": 0,
    "other": 0,
    "hasOther": false,
    "skipped": 0,
    "hasSkipped": false
  },
  "results": [
    {
      "uuid": "7cd03d73-22a8-45ee-8c8a-67012607c474",
      "title": "",
      "fullFile": "cypress\\e2e\\testCases\\withdrawAmount.cy.js",
      "file": "cypress\\e2e\\testCases\\withdrawAmount.cy.js",
      "beforeHooks": [],
      "afterHooks": [],
      "tests": [],
      "suites": [
        {
          "uuid": "f21e80b0-9567-445b-99a5-69d5086605d2",
          "title": "Deposit functionality",
          "fullFile": "",
          "file": "",
          "beforeHooks": [],
          "afterHooks": [],
          "tests": [
            {
              "title": "Deposit function",
              "fullTitle": "Deposit functionality Deposit function",
              "timedOut": null,
              "duration": 2127,
              "state": "passed",
              "speed": "fast",
              "pass": true,
              "fail": false,
              "pending": false,
              "context": "{\n  \"title\": \"cypress-mochawesome-reporter-videos-passed\",\n  \"value\": \"cypress\\\\e2e\\\\testCases\\\\withdrawAmount.cy.js\"\n}",
              "code": "homePage.navigateToUrl();\nhomeElements.clickCustomerButtonLogin();\ncustomerLoginAct.selectDropDown();\ncustomerLoginAct.Login();\ndeposit.depositButtonClick();",
              "err": {},
              "uuid": "e5f85fd2-ad05-4db1-8004-51eec0d05b68",
              "parentUUID": "f21e80b0-9567-445b-99a5-69d5086605d2",
              "isHook": false,
              "skipped": false
            }
          ],
          "suites": [],
          "passes": [
            "e5f85fd2-ad05-4db1-8004-51eec0d05b68"
          ],
          "failures": [],
          "pending": [],
          "skipped": [],
          "duration": 2127,
          "root": false,
          "rootEmpty": false,
          "_timeout": 2000
        },
        {
          "uuid": "df60bba7-f4c6-437c-8d0f-80452de5da80",
          "title": "withdraw functionality",
          "fullFile": "",
          "file": "",
          "beforeHooks": [],
          "afterHooks": [],
          "tests": [
            {
              "title": "withdraw function",
              "fullTitle": "withdraw functionality withdraw function",
              "timedOut": null,
              "duration": 1395,
              "state": "passed",
              "speed": "fast",
              "pass": true,
              "fail": false,
              "pending": false,
              "context": "{\n  \"title\": \"cypress-mochawesome-reporter-videos-passed\",\n  \"value\": \"cypress\\\\e2e\\\\testCases\\\\withdrawAmount.cy.js\"\n}",
              "code": "customerPage.navigateToUrl();\nhomePage.clickCustomerButtonLogin();\ncustomerLoginAct.selectDropDown();\ncustomerLoginAct.Login();\nwithdraw.withDrawAmount();\nwithdraw.enterAmount(1000);\nwithdraw.clickSubmitWithdraw();",
              "err": {},
              "uuid": "dfcefc84-10c7-4961-b478-2224cb93ac15",
              "parentUUID": "df60bba7-f4c6-437c-8d0f-80452de5da80",
              "isHook": false,
              "skipped": false
            }
          ],
          "suites": [],
          "passes": [
            "dfcefc84-10c7-4961-b478-2224cb93ac15"
          ],
          "failures": [],
          "pending": [],
          "skipped": [],
          "duration": 1395,
          "root": false,
          "rootEmpty": false,
          "_timeout": 2000
        }
      ],
      "passes": [],
      "failures": [],
      "pending": [],
      "skipped": [],
      "duration": 0,
      "root": true,
      "rootEmpty": true,
      "_timeout": 2000
    }
  ],
  "meta": {
    "mocha": {
      "version": "7.0.1"
    },
    "mochawesome": {
      "options": {
        "quiet": false,
        "reportFilename": "mochawesome",
        "saveHtml": false,
        "saveJson": true,
        "consoleReporter": "spec",
        "useInlineDiffs": false,
        "code": true
      },
      "version": "7.1.3"
    },
    "marge": {
      "options": {
        "charts": true,
        "reportPageTitle": "custom-title",
        "embeddedScreenshots": true,
        "inlineAssets": true,
        "saveAllAttempts": false,
        "overwrite": false,
        "html": false,
        "json": true,
        "reportDir": "cypress\\reports\\html\\.jsons"
      },
      "version": "6.2.0"
    }
  }
}