{
  "stats": {
    "suites": 1,
    "tests": 1,
    "passes": 1,
    "pending": 0,
    "failures": 0,
    "start": "2023-07-30T05:38:47.680Z",
    "end": "2023-07-30T05:38:50.059Z",
    "duration": 2379,
    "testsRegistered": 1,
    "passPercent": 100,
    "pendingPercent": 0,
    "other": 0,
    "hasOther": false,
    "skipped": 0,
    "hasSkipped": false
  },
  "results": [
    {
      "uuid": "a41997b6-08d6-495c-9999-e06d73451186",
      "title": "",
      "fullFile": "cypress\\e2e\\testCases\\handlineTable.cy.js",
      "file": "cypress\\e2e\\testCases\\handlineTable.cy.js",
      "beforeHooks": [],
      "afterHooks": [],
      "tests": [],
      "suites": [
        {
          "uuid": "febcea63-937c-4388-b9d0-074e50f3050f",
          "title": "Web Table",
          "fullFile": "",
          "file": "",
          "beforeHooks": [],
          "afterHooks": [],
          "tests": [
            {
              "title": "Handle Web tables",
              "fullTitle": "Web Table Handle Web tables",
              "timedOut": null,
              "duration": 2348,
              "state": "passed",
              "speed": "fast",
              "pass": true,
              "fail": false,
              "pending": false,
              "context": "{\n  \"title\": \"cypress-mochawesome-reporter-videos-passed\",\n  \"value\": \"cypress\\\\e2e\\\\testCases\\\\handlineTable.cy.js\"\n}",
              "code": "cust.navigateToUrl();\ncust.clickOnManagerLogin();\nadd.clickOpenAccount();\nadd.selectUser();\nadd.selectCurrency();\nadd.proceed();\nadd.clickCustomer();\n// cy.get('.table').contains( \"Ron\");\n// cy.get(':nth-child(3) > :nth-child(4)').should('be.visible')\n// cy.get(':nth-child(4) > :nth-child(4) > :nth-child(1)').contains(\"1010\")\n// Verify first name of column conatins \"E55656\"\n//table >tbody>tr td:nth-child(3)\n// Below get command will point out to 3rd column\ncy.get(\"table >tbody>tr td:nth-child(3)\").each(($ele, index, $list) => {\n  const text = $ele.text();\n  if (text == \"E55656\") {\n    cy.get('table >tbody>tr td:nth-child(1)').eq(index).then(name => {\n      const customerName = name.text();\n      expect(customerName).to.equal(\"Albus\");\n    });\n  }\n});",
              "err": {},
              "uuid": "3a5ca2fd-28d6-488a-a586-8cdbb7573121",
              "parentUUID": "febcea63-937c-4388-b9d0-074e50f3050f",
              "isHook": false,
              "skipped": false
            }
          ],
          "suites": [],
          "passes": [
            "3a5ca2fd-28d6-488a-a586-8cdbb7573121"
          ],
          "failures": [],
          "pending": [],
          "skipped": [],
          "duration": 2348,
          "root": false,
          "rootEmpty": false,
          "_timeout": 2000
        }
      ],
      "passes": [],
      "failures": [],
      "pending": [],
      "skipped": [],
      "duration": 0,
      "root": true,
      "rootEmpty": true,
      "_timeout": 2000
    }
  ],
  "meta": {
    "mocha": {
      "version": "7.0.1"
    },
    "mochawesome": {
      "options": {
        "quiet": false,
        "reportFilename": "mochawesome",
        "saveHtml": false,
        "saveJson": true,
        "consoleReporter": "spec",
        "useInlineDiffs": false,
        "code": true
      },
      "version": "7.1.3"
    },
    "marge": {
      "options": {
        "charts": true,
        "reportPageTitle": "custom-title",
        "embeddedScreenshots": true,
        "inlineAssets": true,
        "saveAllAttempts": false,
        "overwrite": false,
        "html": false,
        "json": true,
        "reportDir": "cypress\\reports\\html\\.jsons"
      },
      "version": "6.2.0"
    }
  }
}